[2024-03-02T10:30:31.797+0000] {taskinstance.py:1165} INFO - Dependencies all met for <TaskInstance: Batching_Data.Scrapping scheduled__2024-03-02T00:10:00+00:00 [queued]>
[2024-03-02T10:30:31.818+0000] {taskinstance.py:1165} INFO - Dependencies all met for <TaskInstance: Batching_Data.Scrapping scheduled__2024-03-02T00:10:00+00:00 [queued]>
[2024-03-02T10:30:31.818+0000] {taskinstance.py:1362} INFO - 
--------------------------------------------------------------------------------
[2024-03-02T10:30:31.819+0000] {taskinstance.py:1363} INFO - Starting attempt 5 of 6
[2024-03-02T10:30:31.820+0000] {taskinstance.py:1364} INFO - 
--------------------------------------------------------------------------------
[2024-03-02T10:30:31.850+0000] {taskinstance.py:1383} INFO - Executing <Task(PythonOperator): Scrapping> on 2024-03-02 00:10:00+00:00
[2024-03-02T10:30:31.864+0000] {standard_task_runner.py:55} INFO - Started process 777 to run task
[2024-03-02T10:30:31.869+0000] {standard_task_runner.py:82} INFO - Running: ['***', 'tasks', 'run', 'Batching_Data', 'Scrapping', 'scheduled__2024-03-02T00:10:00+00:00', '--job-id', '96', '--raw', '--subdir', 'DAGS_FOLDER/Batching_Data.py', '--cfg-path', '/tmp/tmp9ec58txi']
[2024-03-02T10:30:31.873+0000] {standard_task_runner.py:83} INFO - Job 96: Subtask Scrapping
[2024-03-02T10:30:32.015+0000] {task_command.py:376} INFO - Running <TaskInstance: Batching_Data.Scrapping scheduled__2024-03-02T00:10:00+00:00 [running]> on host 14617ffbd56e
[2024-03-02T10:30:32.240+0000] {taskinstance.py:1592} INFO - Exporting the following env vars:
AIRFLOW_CTX_DAG_OWNER=Bob Sebastian
AIRFLOW_CTX_DAG_ID=Batching_Data
AIRFLOW_CTX_TASK_ID=Scrapping
AIRFLOW_CTX_EXECUTION_DATE=2024-03-02T00:10:00+00:00
AIRFLOW_CTX_TRY_NUMBER=5
AIRFLOW_CTX_DAG_RUN_ID=scheduled__2024-03-02T00:10:00+00:00
[2024-03-02T10:30:32.243+0000] {logger.py:11} INFO - ====== WebDriver manager ======
[2024-03-02T10:30:32.563+0000] {logger.py:11} INFO - Get LATEST edgedriver version for Edge None
[2024-03-02T10:30:38.973+0000] {logger.py:11} INFO - About to download new driver from https://msedgedriver.azureedge.net/122.0.2365.63/edgedriver_linux64.zip
[2024-03-02T10:30:41.070+0000] {logger.py:11} INFO - Driver downloading response is 200
[2024-03-02T10:30:48.237+0000] {logger.py:11} INFO - Get LATEST edgedriver version for Edge None
[2024-03-02T10:30:53.699+0000] {logger.py:11} INFO - Get LATEST edgedriver version for Edge None
[2024-03-02T10:30:54.513+0000] {logger.py:11} INFO - Driver has been saved in cache [/home/***/.wdm/drivers/edgedriver/linux64/122.0.2365.63]
[2024-03-02T10:30:55.560+0000] {taskinstance.py:1851} ERROR - Task failed with exception
Traceback (most recent call last):
  File "/home/airflow/.local/lib/python3.7/site-packages/airflow/operators/python.py", line 175, in execute
    return_value = self.execute_callable()
  File "/home/airflow/.local/lib/python3.7/site-packages/airflow/operators/python.py", line 193, in execute_callable
    return self.python_callable(*self.op_args, **self.op_kwargs)
  File "/opt/airflow/dags/Batching_Data.py", line 41, in batching_data
    driver = Edge(EdgeChromiumDriverManager().install(), options=options)
  File "/home/airflow/.local/lib/python3.7/site-packages/msedge/selenium_tools/webdriver.py", line 104, in __init__
    self.service.start()
  File "/home/airflow/.local/lib/python3.7/site-packages/selenium/webdriver/common/service.py", line 98, in start
    self.assert_process_still_running()
  File "/home/airflow/.local/lib/python3.7/site-packages/selenium/webdriver/common/service.py", line 111, in assert_process_still_running
    % (self.path, return_code)
selenium.common.exceptions.WebDriverException: Message: Service /home/airflow/.wdm/drivers/edgedriver/linux64/122.0.2365.63/msedgedriver unexpectedly exited. Status code was: 127

[2024-03-02T10:30:55.596+0000] {taskinstance.py:1406} INFO - Marking task as UP_FOR_RETRY. dag_id=Batching_Data, task_id=Scrapping, execution_date=20240302T001000, start_date=20240302T103031, end_date=20240302T103055
[2024-03-02T10:30:55.626+0000] {standard_task_runner.py:105} ERROR - Failed to execute job 96 for task Scrapping (Message: Service /home/airflow/.wdm/drivers/edgedriver/linux64/122.0.2365.63/msedgedriver unexpectedly exited. Status code was: 127
; 777)
[2024-03-02T10:30:55.660+0000] {local_task_job.py:164} INFO - Task exited with return code 1
[2024-03-02T10:30:55.707+0000] {local_task_job.py:273} INFO - 0 downstream tasks scheduled from follow-on schedule check
