[2024-03-02T16:56:46.829+0000] {taskinstance.py:1165} INFO - Dependencies all met for <TaskInstance: Batching_Data.Scrapping scheduled__2024-03-02T00:10:00+00:00 [queued]>
[2024-03-02T16:56:46.843+0000] {taskinstance.py:1165} INFO - Dependencies all met for <TaskInstance: Batching_Data.Scrapping scheduled__2024-03-02T00:10:00+00:00 [queued]>
[2024-03-02T16:56:46.843+0000] {taskinstance.py:1362} INFO - 
--------------------------------------------------------------------------------
[2024-03-02T16:56:46.844+0000] {taskinstance.py:1363} INFO - Starting attempt 12 of 17
[2024-03-02T16:56:46.844+0000] {taskinstance.py:1364} INFO - 
--------------------------------------------------------------------------------
[2024-03-02T16:56:46.863+0000] {taskinstance.py:1383} INFO - Executing <Task(PythonOperator): Scrapping> on 2024-03-02 00:10:00+00:00
[2024-03-02T16:56:46.873+0000] {standard_task_runner.py:55} INFO - Started process 846 to run task
[2024-03-02T16:56:46.876+0000] {standard_task_runner.py:82} INFO - Running: ['***', 'tasks', 'run', 'Batching_Data', 'Scrapping', 'scheduled__2024-03-02T00:10:00+00:00', '--job-id', '279', '--raw', '--subdir', 'DAGS_FOLDER/Batching_Data.py', '--cfg-path', '/tmp/tmp5fmrsjiu']
[2024-03-02T16:56:46.878+0000] {standard_task_runner.py:83} INFO - Job 279: Subtask Scrapping
[2024-03-02T16:56:46.958+0000] {task_command.py:376} INFO - Running <TaskInstance: Batching_Data.Scrapping scheduled__2024-03-02T00:10:00+00:00 [running]> on host 76a23c179f72
[2024-03-02T16:56:47.057+0000] {taskinstance.py:1592} INFO - Exporting the following env vars:
AIRFLOW_CTX_DAG_OWNER=Bob Sebastian
AIRFLOW_CTX_DAG_ID=Batching_Data
AIRFLOW_CTX_TASK_ID=Scrapping
AIRFLOW_CTX_EXECUTION_DATE=2024-03-02T00:10:00+00:00
AIRFLOW_CTX_TRY_NUMBER=12
AIRFLOW_CTX_DAG_RUN_ID=scheduled__2024-03-02T00:10:00+00:00
[2024-03-02T16:58:07.919+0000] {local_task_job.py:228} WARNING - State of this instance has been externally set to failed. Terminating instance.
[2024-03-02T16:58:07.922+0000] {process_utils.py:133} INFO - Sending Signals.SIGTERM to group 846. PIDs of all processes in the group: [846]
[2024-03-02T16:58:07.923+0000] {process_utils.py:84} INFO - Sending the signal Signals.SIGTERM to group 846
[2024-03-02T16:58:07.923+0000] {taskinstance.py:1562} ERROR - Received SIGTERM. Terminating subprocesses.
[2024-03-02T16:58:07.975+0000] {process_utils.py:79} INFO - Process psutil.Process(pid=846, status='terminated', exitcode=0, started='16:56:46') (846) terminated with exit code 0
