[2024-03-02T10:28:56.443+0000] {taskinstance.py:1165} INFO - Dependencies all met for <TaskInstance: Batching_Data.Scrapping scheduled__2024-03-02T09:40:00+00:00 [queued]>
[2024-03-02T10:28:56.458+0000] {taskinstance.py:1165} INFO - Dependencies all met for <TaskInstance: Batching_Data.Scrapping scheduled__2024-03-02T09:40:00+00:00 [queued]>
[2024-03-02T10:28:56.459+0000] {taskinstance.py:1362} INFO - 
--------------------------------------------------------------------------------
[2024-03-02T10:28:56.460+0000] {taskinstance.py:1363} INFO - Starting attempt 3 of 6
[2024-03-02T10:28:56.460+0000] {taskinstance.py:1364} INFO - 
--------------------------------------------------------------------------------
[2024-03-02T10:28:56.479+0000] {taskinstance.py:1383} INFO - Executing <Task(PythonOperator): Scrapping> on 2024-03-02 09:40:00+00:00
[2024-03-02T10:28:56.489+0000] {standard_task_runner.py:55} INFO - Started process 617 to run task
[2024-03-02T10:28:56.493+0000] {standard_task_runner.py:82} INFO - Running: ['***', 'tasks', 'run', 'Batching_Data', 'Scrapping', 'scheduled__2024-03-02T09:40:00+00:00', '--job-id', '94', '--raw', '--subdir', 'DAGS_FOLDER/Batching_Data.py', '--cfg-path', '/tmp/tmp0f7f285b']
[2024-03-02T10:28:56.495+0000] {standard_task_runner.py:83} INFO - Job 94: Subtask Scrapping
[2024-03-02T10:28:56.582+0000] {task_command.py:376} INFO - Running <TaskInstance: Batching_Data.Scrapping scheduled__2024-03-02T09:40:00+00:00 [running]> on host 14617ffbd56e
[2024-03-02T10:28:56.684+0000] {taskinstance.py:1592} INFO - Exporting the following env vars:
AIRFLOW_CTX_DAG_OWNER=Bob Sebastian
AIRFLOW_CTX_DAG_ID=Batching_Data
AIRFLOW_CTX_TASK_ID=Scrapping
AIRFLOW_CTX_EXECUTION_DATE=2024-03-02T09:40:00+00:00
AIRFLOW_CTX_TRY_NUMBER=3
AIRFLOW_CTX_DAG_RUN_ID=scheduled__2024-03-02T09:40:00+00:00
[2024-03-02T10:28:56.687+0000] {logger.py:11} INFO - ====== WebDriver manager ======
[2024-03-02T10:28:56.936+0000] {logger.py:11} INFO - Get LATEST edgedriver version for Edge None
[2024-03-02T10:29:05.708+0000] {logger.py:11} INFO - About to download new driver from https://msedgedriver.azureedge.net/122.0.2365.63/edgedriver_linux64.zip
[2024-03-02T10:29:08.255+0000] {logger.py:11} INFO - Driver downloading response is 200
[2024-03-02T10:29:18.789+0000] {logger.py:11} INFO - Get LATEST edgedriver version for Edge None
[2024-03-02T10:29:21.018+0000] {logger.py:11} INFO - Get LATEST edgedriver version for Edge None
[2024-03-02T10:29:22.513+0000] {logger.py:11} INFO - Driver has been saved in cache [/home/***/.wdm/drivers/edgedriver/linux64/122.0.2365.63]
[2024-03-02T10:29:23.540+0000] {taskinstance.py:1851} ERROR - Task failed with exception
Traceback (most recent call last):
  File "/home/airflow/.local/lib/python3.7/site-packages/airflow/operators/python.py", line 175, in execute
    return_value = self.execute_callable()
  File "/home/airflow/.local/lib/python3.7/site-packages/airflow/operators/python.py", line 193, in execute_callable
    return self.python_callable(*self.op_args, **self.op_kwargs)
  File "/opt/airflow/dags/Batching_Data.py", line 41, in batching_data
    driver = Edge(EdgeChromiumDriverManager().install(), options=options)
  File "/home/airflow/.local/lib/python3.7/site-packages/msedge/selenium_tools/webdriver.py", line 104, in __init__
    self.service.start()
  File "/home/airflow/.local/lib/python3.7/site-packages/selenium/webdriver/common/service.py", line 98, in start
    self.assert_process_still_running()
  File "/home/airflow/.local/lib/python3.7/site-packages/selenium/webdriver/common/service.py", line 111, in assert_process_still_running
    % (self.path, return_code)
selenium.common.exceptions.WebDriverException: Message: Service /home/airflow/.wdm/drivers/edgedriver/linux64/122.0.2365.63/msedgedriver unexpectedly exited. Status code was: 127

[2024-03-02T10:29:23.561+0000] {taskinstance.py:1406} INFO - Marking task as UP_FOR_RETRY. dag_id=Batching_Data, task_id=Scrapping, execution_date=20240302T094000, start_date=20240302T102856, end_date=20240302T102923
[2024-03-02T10:29:23.584+0000] {standard_task_runner.py:105} ERROR - Failed to execute job 94 for task Scrapping (Message: Service /home/airflow/.wdm/drivers/edgedriver/linux64/122.0.2365.63/msedgedriver unexpectedly exited. Status code was: 127
; 617)
[2024-03-02T10:29:23.627+0000] {local_task_job.py:164} INFO - Task exited with return code 1
[2024-03-02T10:29:23.654+0000] {local_task_job.py:273} INFO - 0 downstream tasks scheduled from follow-on schedule check
