[2024-03-03T01:51:14.209+0000] {taskinstance.py:1165} INFO - Dependencies all met for <TaskInstance: Batching_Data.Scrapping scheduled__2024-03-02T17:10:00+00:00 [queued]>
[2024-03-03T01:51:14.278+0000] {taskinstance.py:1165} INFO - Dependencies all met for <TaskInstance: Batching_Data.Scrapping scheduled__2024-03-02T17:10:00+00:00 [queued]>
[2024-03-03T01:51:14.279+0000] {taskinstance.py:1362} INFO - 
--------------------------------------------------------------------------------
[2024-03-03T01:51:14.281+0000] {taskinstance.py:1363} INFO - Starting attempt 1 of 6
[2024-03-03T01:51:14.282+0000] {taskinstance.py:1364} INFO - 
--------------------------------------------------------------------------------
[2024-03-03T01:51:14.335+0000] {taskinstance.py:1383} INFO - Executing <Task(PythonOperator): Scrapping> on 2024-03-02 17:10:00+00:00
[2024-03-03T01:51:14.353+0000] {standard_task_runner.py:55} INFO - Started process 1610 to run task
[2024-03-03T01:51:14.362+0000] {standard_task_runner.py:82} INFO - Running: ['***', 'tasks', 'run', 'Batching_Data', 'Scrapping', 'scheduled__2024-03-02T17:10:00+00:00', '--job-id', '283', '--raw', '--subdir', 'DAGS_FOLDER/Batching_Data.py', '--cfg-path', '/tmp/tmp8vww7vt0']
[2024-03-03T01:51:14.387+0000] {standard_task_runner.py:83} INFO - Job 283: Subtask Scrapping
[2024-03-03T01:51:14.713+0000] {task_command.py:376} INFO - Running <TaskInstance: Batching_Data.Scrapping scheduled__2024-03-02T17:10:00+00:00 [running]> on host 76a23c179f72
[2024-03-03T01:51:15.090+0000] {taskinstance.py:1592} INFO - Exporting the following env vars:
AIRFLOW_CTX_DAG_OWNER=Bob Sebastian
AIRFLOW_CTX_DAG_ID=Batching_Data
AIRFLOW_CTX_TASK_ID=Scrapping
AIRFLOW_CTX_EXECUTION_DATE=2024-03-02T17:10:00+00:00
AIRFLOW_CTX_TRY_NUMBER=1
AIRFLOW_CTX_DAG_RUN_ID=scheduled__2024-03-02T17:10:00+00:00
[2024-03-03T01:51:31.392+0000] {warnings.py:110} WARNING - /home/***/.local/lib/python3.7/site-packages/sklearn/base.py:338: UserWarning: Trying to unpickle estimator LabelEncoder from version 1.2.2 when using version 1.0.2. This might lead to breaking code or invalid results. Use at your own risk. For more info please refer to:
https://scikit-learn.org/stable/modules/model_persistence.html#security-maintainability-limitations
  UserWarning,

[2024-03-03T01:51:37.123+0000] {logging_mixin.py:120} INFO - {"prediction":"Shoulder"}
[2024-03-03T01:51:38.163+0000] {logging_mixin.py:120} INFO - {"prediction":"Shoulder"}
[2024-03-03T01:51:43.136+0000] {logging_mixin.py:120} INFO - {"prediction":"Shoulder"}
[2024-03-03T01:51:44.731+0000] {logging_mixin.py:120} INFO - {"prediction":"Shoulder"}
[2024-03-03T01:51:44.732+0000] {python.py:177} INFO - Done. Returned value was: None
[2024-03-03T01:51:44.750+0000] {taskinstance.py:1406} INFO - Marking task as SUCCESS. dag_id=Batching_Data, task_id=Scrapping, execution_date=20240302T171000, start_date=20240303T015114, end_date=20240303T015144
[2024-03-03T01:51:44.805+0000] {local_task_job.py:164} INFO - Task exited with return code 0
[2024-03-03T01:51:44.836+0000] {local_task_job.py:273} INFO - 0 downstream tasks scheduled from follow-on schedule check
